;  LST file generated by mikroListExporter - v.2.0 
; Date/Time: 4/23/2021 1:12:48 PM
;----------------------------------------------

;Address Opcode 	ASM
0x0000	0x2935      	GOTO       309
_Div_16x16_S_L:
;__Lib_Math.c,420 :: 		
;__Lib_Math.c,426 :: 		
0x0003	0x0D71      	RLF        R1, 0
;__Lib_Math.c,427 :: 		
0x0004	0x0DF8      	RLF        R8, 1
;__Lib_Math.c,428 :: 		
0x0005	0x0DF9      	RLF        R9, 1
;__Lib_Math.c,429 :: 		
0x0006	0x0874      	MOVF       R4, 0
;__Lib_Math.c,430 :: 		
0x0007	0x02F8      	SUBWF      R8, 1
;__Lib_Math.c,431 :: 		
0x0008	0x0875      	MOVF       R5, 0
;__Lib_Math.c,432 :: 		
0x0009	0x1C03      	BTFSS      STATUS, 0
;__Lib_Math.c,433 :: 		
0x000A	0x0F75      	INCFSZ     R5, 0
;__Lib_Math.c,434 :: 		
0x000B	0x02F9      	SUBWF      R9, 1
;__Lib_Math.c,435 :: 		
0x000C	0x0DF0      	RLF        R0, 1
;__Lib_Math.c,436 :: 		
0x000D	0x0DF1      	RLF        R1, 1
;__Lib_Math.c,438 :: 		
0x000E	0x300F      	MOVLW      15
;__Lib_Math.c,439 :: 		
0x000F	0x00FC      	MOVWF      R12
;__Lib_Math.c,441 :: 		
0x0010	0x0D71      	RLF        R1, 0
;__Lib_Math.c,442 :: 		
0x0011	0x0DF8      	RLF        R8, 1
;__Lib_Math.c,443 :: 		
0x0012	0x0DF9      	RLF        R9, 1
;__Lib_Math.c,444 :: 		
0x0013	0x0874      	MOVF       R4, 0
;__Lib_Math.c,446 :: 		
0x0014	0x1C70      	BTFSS      R0, 0
;__Lib_Math.c,447 :: 		
0x0015	0x281C      	GOTO       $+7
;__Lib_Math.c,448 :: 		
0x0016	0x02F8      	SUBWF      R8, 1
;__Lib_Math.c,449 :: 		
0x0017	0x0875      	MOVF       R5, 0
;__Lib_Math.c,450 :: 		
0x0018	0x1C03      	BTFSS      STATUS, 0
;__Lib_Math.c,451 :: 		
0x0019	0x0F75      	INCFSZ     R5, 0
;__Lib_Math.c,452 :: 		
0x001A	0x02F9      	SUBWF      R9, 1
;__Lib_Math.c,453 :: 		
0x001B	0x2821      	GOTO       $+6
;__Lib_Math.c,455 :: 		
0x001C	0x07F8      	ADDWF      R8, 1
;__Lib_Math.c,456 :: 		
0x001D	0x0875      	MOVF       R5, 0
;__Lib_Math.c,457 :: 		
0x001E	0x1803      	BTFSC      STATUS, 0
;__Lib_Math.c,458 :: 		
0x001F	0x0F75      	INCFSZ     R5, 0
;__Lib_Math.c,459 :: 		
0x0020	0x07F9      	ADDWF      R9, 1
;__Lib_Math.c,461 :: 		
0x0021	0x0DF0      	RLF        R0, 1
;__Lib_Math.c,462 :: 		
0x0022	0x0DF1      	RLF        R1, 1
;__Lib_Math.c,464 :: 		
0x0023	0x0BFC      	DECFSZ     R12, 1
;__Lib_Math.c,465 :: 		
0x0024	0x2810      	GOTO       $-20
;__Lib_Math.c,467 :: 		
0x0025	0x1870      	BTFSC      R0, 0
;__Lib_Math.c,468 :: 		
0x0026	0x282D      	GOTO       $+7
;__Lib_Math.c,469 :: 		
0x0027	0x0874      	MOVF       R4, 0
;__Lib_Math.c,470 :: 		
0x0028	0x07F8      	ADDWF      R8, 1
;__Lib_Math.c,471 :: 		
0x0029	0x0875      	MOVF       R5, 0
;__Lib_Math.c,472 :: 		
0x002A	0x1803      	BTFSC      STATUS, 0
;__Lib_Math.c,473 :: 		
0x002B	0x0F75      	INCFSZ     R5, 0
;__Lib_Math.c,474 :: 		
0x002C	0x07F9      	ADDWF      R9, 1
;__Lib_Math.c,475 :: 		
0x002D	0x0000      	NOP
;__Lib_Math.c,477 :: 		
L_end_Div_16x16_S_L:
0x002E	0x0008      	RETURN
; end of _Div_16x16_S_L
_____DoICP:
;__Lib_System.c,6 :: 		
;__Lib_System.c,9 :: 		
0x002F	0x1283      	BCF        STATUS, 5
0x0030	0x1303      	BCF        STATUS, 6
0x0031	0x0821      	MOVF       ___DoICPAddr+1, 0
0x0032	0x008A      	MOVWF      PCLATH
;__Lib_System.c,10 :: 		
0x0033	0x0820      	MOVF       ___DoICPAddr, 0
0x0034	0x0082      	MOVWF      PCL
;__Lib_System.c,12 :: 		
L_end_____DoICP:
0x0035	0x0008      	RETURN
; end of _____DoICP
_Mul_32x32_U:
;__Lib_Math.c,1774 :: 		
;__Lib_Math.c,1789 :: 		
0x0036	0x1283      	BCF        STATUS, 5
;__Lib_Math.c,1790 :: 		
0x0037	0x1303      	BCF        STATUS, 6
;__Lib_Math.c,1791 :: 		
0x0038	0x3022      	MOVLW      34
;__Lib_Math.c,1792 :: 		
0x0039	0x00FC      	MOVWF      R12
;__Lib_Math.c,1793 :: 		
0x003A	0x01F8      	CLRF       R8
;__Lib_Math.c,1794 :: 		
0x003B	0x01F9      	CLRF       R9
;__Lib_Math.c,1795 :: 		
0x003C	0x01FA      	CLRF       R10
;__Lib_Math.c,1796 :: 		
0x003D	0x01FB      	CLRF       R11
;__Lib_Math.c,1798 :: 		
_NEXT:
;__Lib_Math.c,1802 :: 		
0x003E	0x03FC      	DECF       R12, 1
;__Lib_Math.c,1803 :: 		
0x003F	0x1903      	BTFSC      STATUS, 2
;__Lib_Math.c,1804 :: 		
0x0040	0x286C      	GOTO       _EXIT2
;__Lib_Math.c,1805 :: 		
0x0041	0x1003      	BCF        STATUS, 0
;__Lib_Math.c,1807 :: 		
_LOOP:
;__Lib_Math.c,1816 :: 		
0x0042	0x0CFB      	RRF        R11, 1
;__Lib_Math.c,1817 :: 		
0x0043	0x0CFA      	RRF        R10, 1
;__Lib_Math.c,1818 :: 		
0x0044	0x0CF9      	RRF        R9, 1
;__Lib_Math.c,1819 :: 		
0x0045	0x0CF8      	RRF        R8, 1
;__Lib_Math.c,1820 :: 		
0x0046	0x0CF3      	RRF        R3, 1
;__Lib_Math.c,1821 :: 		
0x0047	0x0CF2      	RRF        R2, 1
;__Lib_Math.c,1822 :: 		
0x0048	0x0CF1      	RRF        R1, 1
;__Lib_Math.c,1823 :: 		
0x0049	0x0CF0      	RRF        R0, 1
;__Lib_Math.c,1828 :: 		
0x004A	0x1C03      	BTFSS      STATUS, 0
;__Lib_Math.c,1829 :: 		
0x004B	0x283E      	GOTO       _NEXT
;__Lib_Math.c,1830 :: 		
0x004C	0x03FC      	DECF       R12, 1
;__Lib_Math.c,1831 :: 		
0x004D	0x1903      	BTFSC      STATUS, 2
;__Lib_Math.c,1832 :: 		
0x004E	0x285E      	GOTO       _EXIT1
;__Lib_Math.c,1839 :: 		
0x004F	0x0874      	MOVF       R4, 0
;__Lib_Math.c,1840 :: 		
0x0050	0x07F8      	ADDWF      R8, 1
;__Lib_Math.c,1841 :: 		
0x0051	0x0875      	MOVF       R5, 0
;__Lib_Math.c,1842 :: 		
0x0052	0x1803      	BTFSC      STATUS, 0
;__Lib_Math.c,1843 :: 		
0x0053	0x0F75      	INCFSZ     R5, 0
;__Lib_Math.c,1844 :: 		
0x0054	0x07F9      	ADDWF      R9, 1
;__Lib_Math.c,1845 :: 		
0x0055	0x0876      	MOVF       R6, 0
;__Lib_Math.c,1846 :: 		
0x0056	0x1803      	BTFSC      STATUS, 0
;__Lib_Math.c,1847 :: 		
0x0057	0x0F76      	INCFSZ     R6, 0
;__Lib_Math.c,1848 :: 		
0x0058	0x07FA      	ADDWF      R10, 1
;__Lib_Math.c,1849 :: 		
0x0059	0x0877      	MOVF       R7, 0
;__Lib_Math.c,1850 :: 		
0x005A	0x1803      	BTFSC      STATUS, 0
;__Lib_Math.c,1851 :: 		
0x005B	0x0F77      	INCFSZ     R7, 0
;__Lib_Math.c,1852 :: 		
0x005C	0x07FB      	ADDWF      R11, 1
;__Lib_Math.c,1854 :: 		
0x005D	0x2842      	GOTO       _LOOP
;__Lib_Math.c,1856 :: 		
_EXIT1:
;__Lib_Math.c,1861 :: 		
0x005E	0x0874      	MOVF       R4, 0
;__Lib_Math.c,1862 :: 		
0x005F	0x07F8      	ADDWF      R8, 1
;__Lib_Math.c,1863 :: 		
0x0060	0x0875      	MOVF       R5, 0
;__Lib_Math.c,1864 :: 		
0x0061	0x1803      	BTFSC      STATUS, 0
;__Lib_Math.c,1865 :: 		
0x0062	0x0F75      	INCFSZ     R5, 0
;__Lib_Math.c,1866 :: 		
0x0063	0x07F9      	ADDWF      R9, 1
;__Lib_Math.c,1867 :: 		
0x0064	0x0876      	MOVF       R6, 0
;__Lib_Math.c,1868 :: 		
0x0065	0x1803      	BTFSC      STATUS, 0
;__Lib_Math.c,1869 :: 		
0x0066	0x0F76      	INCFSZ     R6, 0
;__Lib_Math.c,1870 :: 		
0x0067	0x07FA      	ADDWF      R10, 1
;__Lib_Math.c,1871 :: 		
0x0068	0x0877      	MOVF       R7, 0
;__Lib_Math.c,1872 :: 		
0x0069	0x1803      	BTFSC      STATUS, 0
;__Lib_Math.c,1873 :: 		
0x006A	0x0F77      	INCFSZ     R7, 0
;__Lib_Math.c,1874 :: 		
0x006B	0x07FB      	ADDWF      R11, 1
;__Lib_Math.c,1877 :: 		
_EXIT2:
;__Lib_Math.c,1879 :: 		
L_end_Mul_32x32_U:
0x006C	0x0008      	RETURN
; end of _Mul_32x32_U
_srand:
;__Lib_CStdlib.c,301 :: 		
;__Lib_CStdlib.c,302 :: 		
0x006D	0x1283      	BCF        STATUS, 5
0x006E	0x1303      	BCF        STATUS, 6
0x006F	0x0829      	MOVF       FARG_srand_x, 0
0x0070	0x00A2      	MOVWF      __Lib_CStdlib_randx
0x0071	0x082A      	MOVF       FARG_srand_x+1, 0
0x0072	0x00A3      	MOVWF      __Lib_CStdlib_randx+1
0x0073	0x01A4      	CLRF       __Lib_CStdlib_randx+2
0x0074	0x01A5      	CLRF       __Lib_CStdlib_randx+3
;__Lib_CStdlib.c,303 :: 		
0x0075	0x3001      	MOVLW      1
0x0076	0x00A6      	MOVWF      __Lib_CStdlib_randf
;__Lib_CStdlib.c,304 :: 		
L_end_srand:
0x0077	0x0008      	RETURN
; end of _srand
___CC2DW:
;__Lib_System.c,134 :: 		
;__Lib_System.c,137 :: 		
_CC2D_Loop1:
;__Lib_System.c,139 :: 		
0x0078	0x202F      	CALL       _____DoICP
0x0079	0x118A      	BCF        PCLATH, 3
0x007A	0x120A      	BCF        PCLATH, 4
;__Lib_System.c,141 :: 		
0x007B	0x0080      	MOVWF      INDF
;__Lib_System.c,142 :: 		
0x007C	0x0A84      	INCF       FSR, 1
;__Lib_System.c,143 :: 		
0x007D	0x0AA0      	INCF       ___DoICPAddr, 1
;__Lib_System.c,145 :: 		
0x007E	0x1903      	BTFSC      STATUS, 2
;__Lib_System.c,146 :: 		
0x007F	0x0AA1      	INCF       ___DoICPAddr+1, 1
;__Lib_System.c,147 :: 		
0x0080	0x03F0      	DECF       R0, 1
;__Lib_System.c,149 :: 		
0x0081	0x1D03      	BTFSS      STATUS, 2
;__Lib_System.c,150 :: 		
0x0082	0x2878      	GOTO       _CC2D_Loop1
;__Lib_System.c,152 :: 		
L_end___CC2DW:
0x0083	0x0008      	RETURN
; end of ___CC2DW
_Div_16x16_S:
;__Lib_Math.c,479 :: 		
;__Lib_Math.c,487 :: 		
0x0084	0x1283      	BCF        STATUS, 5
0x0085	0x1303      	BCF        STATUS, 6
0x0086	0x0874      	MOVF       R4, 0
0x0087	0x3A00      	XORLW      0
0x0088	0x1D03      	BTFSS      STATUS, 2
0x0089	0x2893      	GOTO       L_Div_16x16_S0
;__Lib_Math.c,488 :: 		
0x008A	0x0875      	MOVF       R5, 0
0x008B	0x3A00      	XORLW      0
0x008C	0x1D03      	BTFSS      STATUS, 2
0x008D	0x2893      	GOTO       L_Div_16x16_S1
;__Lib_Math.c,489 :: 		
0x008E	0x30FF      	MOVLW      255
0x008F	0x00F0      	MOVWF      R0
;__Lib_Math.c,490 :: 		
0x0090	0x307F      	MOVLW      127
0x0091	0x00F1      	MOVWF      R1
;__Lib_Math.c,491 :: 		
0x0092	0x28EC      	GOTO       L_end_Div_16x16_S
;__Lib_Math.c,492 :: 		
L_Div_16x16_S1:
L_Div_16x16_S0:
;__Lib_Math.c,495 :: 		
0x0093	0x1283      	BCF        STATUS, 5
;__Lib_Math.c,496 :: 		
0x0094	0x1303      	BCF        STATUS, 6
;__Lib_Math.c,497 :: 		
0x0095	0x01FD      	CLRF       R13
;__Lib_Math.c,498 :: 		
0x0096	0x01F9      	CLRF       R9
;__Lib_Math.c,499 :: 		
0x0097	0x01F8      	CLRF       R8
;__Lib_Math.c,500 :: 		
0x0098	0x0871      	MOVF       R1, 0
;__Lib_Math.c,501 :: 		
0x0099	0x0470      	IORWF      R0, 0
;__Lib_Math.c,502 :: 		
0x009A	0x1903      	BTFSC      STATUS, 2
;__Lib_Math.c,503 :: 		
0x009B	0x3400      	RETLW      0
;__Lib_Math.c,505 :: 		
0x009C	0x0871      	MOVF       R1, 0
;__Lib_Math.c,506 :: 		
0x009D	0x0675      	XORWF      R5, 0
;__Lib_Math.c,507 :: 		
0x009E	0x00FA      	MOVWF      R10
;__Lib_Math.c,508 :: 		
0x009F	0x1BFA      	BTFSC      R10, 7
;__Lib_Math.c,509 :: 		
0x00A0	0x09FD      	COMF       R13, 1
;__Lib_Math.c,511 :: 		
0x00A1	0x01FB      	CLRF       R11
;__Lib_Math.c,513 :: 		
0x00A2	0x1FF5      	BTFSS      R5, 7
;__Lib_Math.c,514 :: 		
0x00A3	0x28A9      	GOTO       $+6
;__Lib_Math.c,516 :: 		
0x00A4	0x09F4      	COMF       R4, 1
;__Lib_Math.c,517 :: 		
0x00A5	0x09F5      	COMF       R5, 1
;__Lib_Math.c,518 :: 		
0x00A6	0x0AF4      	INCF       R4, 1
;__Lib_Math.c,519 :: 		
0x00A7	0x1903      	BTFSC      STATUS, 2
;__Lib_Math.c,520 :: 		
0x00A8	0x0AF5      	INCF       R5, 1
;__Lib_Math.c,522 :: 		
0x00A9	0x1FF1      	BTFSS      R1, 7
;__Lib_Math.c,523 :: 		
0x00AA	0x28B0      	GOTO       $+6
;__Lib_Math.c,525 :: 		
0x00AB	0x09F0      	COMF       R0, 1
;__Lib_Math.c,526 :: 		
0x00AC	0x09F1      	COMF       R1, 1
;__Lib_Math.c,527 :: 		
0x00AD	0x0AF0      	INCF       R0, 1
;__Lib_Math.c,528 :: 		
0x00AE	0x1903      	BTFSC      STATUS, 2
;__Lib_Math.c,529 :: 		
0x00AF	0x0AF1      	INCF       R1, 1
;__Lib_Math.c,531 :: 		
0x00B0	0x0871      	MOVF       R1, 0
;__Lib_Math.c,532 :: 		
0x00B1	0x0475      	IORWF      R5, 0
;__Lib_Math.c,533 :: 		
0x00B2	0x00FA      	MOVWF      R10
;__Lib_Math.c,534 :: 		
0x00B3	0x1BFA      	BTFSC      R10, 7
;__Lib_Math.c,535 :: 		
0x00B4	0x28C5      	GOTO       $+17
;__Lib_Math.c,537 :: 		
0x00B5	0x2003      	CALL       _Div_16x16_S_L
;__Lib_Math.c,539 :: 		
0x00B6	0x187B      	BTFSC      R11, 0
;__Lib_Math.c,540 :: 		
0x00B7	0x28D8      	GOTO       $+33
;__Lib_Math.c,542 :: 		
0x00B8	0x1FFD      	BTFSS      R13, 7
;__Lib_Math.c,543 :: 		
0x00B9	0x3400      	RETLW      0
;__Lib_Math.c,545 :: 		
0x00BA	0x09F0      	COMF       R0, 1
;__Lib_Math.c,546 :: 		
0x00BB	0x09F1      	COMF       R1, 1
;__Lib_Math.c,547 :: 		
0x00BC	0x0AF0      	INCF       R0, 1
;__Lib_Math.c,548 :: 		
0x00BD	0x1903      	BTFSC      STATUS, 2
;__Lib_Math.c,549 :: 		
0x00BE	0x0AF1      	INCF       R1, 1
;__Lib_Math.c,551 :: 		
0x00BF	0x09F8      	COMF       R8, 1
;__Lib_Math.c,552 :: 		
0x00C0	0x09F9      	COMF       R9, 1
;__Lib_Math.c,553 :: 		
0x00C1	0x0AF8      	INCF       R8, 1
;__Lib_Math.c,554 :: 		
0x00C2	0x1903      	BTFSC      STATUS, 2
;__Lib_Math.c,555 :: 		
0x00C3	0x0AF9      	INCF       R9, 1
;__Lib_Math.c,557 :: 		
0x00C4	0x3400      	RETLW      0
;__Lib_Math.c,559 :: 		
0x00C5	0x1FF5      	BTFSS      R5, 7
;__Lib_Math.c,560 :: 		
0x00C6	0x28D4      	GOTO       $+14
;__Lib_Math.c,561 :: 		
0x00C7	0x1BF1      	BTFSC      R1, 7
;__Lib_Math.c,562 :: 		
0x00C8	0x28D0      	GOTO       $+8
;__Lib_Math.c,563 :: 		
0x00C9	0x0871      	MOVF       R1, 0
;__Lib_Math.c,564 :: 		
0x00CA	0x00F9      	MOVWF      R9
;__Lib_Math.c,565 :: 		
0x00CB	0x0870      	MOVF       R0, 0
;__Lib_Math.c,566 :: 		
0x00CC	0x00F8      	MOVWF      R8
;__Lib_Math.c,567 :: 		
0x00CD	0x01F1      	CLRF       R1
;__Lib_Math.c,568 :: 		
0x00CE	0x01F0      	CLRF       R0
;__Lib_Math.c,569 :: 		
0x00CF	0x28B8      	GOTO       $-23
;__Lib_Math.c,570 :: 		
0x00D0	0x01F1      	CLRF       R1
;__Lib_Math.c,571 :: 		
0x00D1	0x01F0      	CLRF       R0
;__Lib_Math.c,572 :: 		
0x00D2	0x0AF0      	INCF       R0, 1
;__Lib_Math.c,573 :: 		
0x00D3	0x3400      	RETLW      0
;__Lib_Math.c,575 :: 		
0x00D4	0x09F1      	COMF       R1, 1
;__Lib_Math.c,576 :: 		
0x00D5	0x09F0      	COMF       R0, 1
;__Lib_Math.c,577 :: 		
0x00D6	0x0AFB      	INCF       R11, 1
;__Lib_Math.c,578 :: 		
0x00D7	0x28B5      	GOTO       $-34
;__Lib_Math.c,580 :: 		
0x00D8	0x0AF8      	INCF       R8, 1
;__Lib_Math.c,581 :: 		
0x00D9	0x1903      	BTFSC      STATUS, 2
;__Lib_Math.c,582 :: 		
0x00DA	0x0AF9      	INCF       R9, 1
;__Lib_Math.c,583 :: 		
0x00DB	0x0874      	MOVF       R4, 0
;__Lib_Math.c,584 :: 		
0x00DC	0x0278      	SUBWF      R8, 0
;__Lib_Math.c,585 :: 		
0x00DD	0x1D03      	BTFSS      STATUS, 2
;__Lib_Math.c,586 :: 		
0x00DE	0x28B8      	GOTO       $-38
;__Lib_Math.c,587 :: 		
0x00DF	0x0875      	MOVF       R5, 0
;__Lib_Math.c,588 :: 		
0x00E0	0x0279      	SUBWF      R9, 0
;__Lib_Math.c,589 :: 		
0x00E1	0x1D03      	BTFSS      STATUS, 2
;__Lib_Math.c,590 :: 		
0x00E2	0x28B8      	GOTO       $-42
;__Lib_Math.c,591 :: 		
0x00E3	0x01F9      	CLRF       R9
;__Lib_Math.c,592 :: 		
0x00E4	0x01F8      	CLRF       R8
;__Lib_Math.c,593 :: 		
0x00E5	0x0AF0      	INCF       R0, 1
;__Lib_Math.c,594 :: 		
0x00E6	0x1903      	BTFSC      STATUS, 2
;__Lib_Math.c,595 :: 		
0x00E7	0x0AF1      	INCF       R1, 1
;__Lib_Math.c,596 :: 		
0x00E8	0x1FF1      	BTFSS      R1, 7
;__Lib_Math.c,597 :: 		
0x00E9	0x28B8      	GOTO       $-49
;__Lib_Math.c,598 :: 		
0x00EA	0x0000      	NOP
;__Lib_Math.c,599 :: 		
0x00EB	0x34FF      	RETLW      255
;__Lib_Math.c,601 :: 		
L_end_Div_16x16_S:
0x00EC	0x0008      	RETURN
; end of _Div_16x16_S
_rand:
;__Lib_CStdlib.c,307 :: 		
;__Lib_CStdlib.c,308 :: 		
0x00ED	0x1283      	BCF        STATUS, 5
0x00EE	0x1303      	BCF        STATUS, 6
0x00EF	0x0826      	MOVF       __Lib_CStdlib_randf, 0
0x00F0	0x1D03      	BTFSS      STATUS, 2
0x00F1	0x28F7      	GOTO       L_rand75
;__Lib_CStdlib.c,309 :: 		
0x00F2	0x3001      	MOVLW      1
0x00F3	0x00A9      	MOVWF      FARG_srand_x
0x00F4	0x3000      	MOVLW      0
0x00F5	0x00AA      	MOVWF      FARG_srand_x+1
0x00F6	0x206D      	CALL       _srand
L_rand75:
;__Lib_CStdlib.c,310 :: 		
0x00F7	0x0822      	MOVF       __Lib_CStdlib_randx, 0
0x00F8	0x00F0      	MOVWF      R0
0x00F9	0x0823      	MOVF       __Lib_CStdlib_randx+1, 0
0x00FA	0x00F1      	MOVWF      R0+1
0x00FB	0x0824      	MOVF       __Lib_CStdlib_randx+2, 0
0x00FC	0x00F2      	MOVWF      R0+2
0x00FD	0x0825      	MOVF       __Lib_CStdlib_randx+3, 0
0x00FE	0x00F3      	MOVWF      R0+3
0x00FF	0x306D      	MOVLW      109
0x0100	0x00F4      	MOVWF      R4
0x0101	0x304E      	MOVLW      78
0x0102	0x00F5      	MOVWF      R4+1
0x0103	0x30C6      	MOVLW      198
0x0104	0x00F6      	MOVWF      R4+2
0x0105	0x3041      	MOVLW      65
0x0106	0x00F7      	MOVWF      R4+3
0x0107	0x2036      	CALL       _Mul_32x32_U
0x0108	0x3039      	MOVLW      57
0x0109	0x00F5      	MOVWF      R5
0x010A	0x3030      	MOVLW      48
0x010B	0x00F6      	MOVWF      R5+1
0x010C	0x01F7      	CLRF       R5+2
0x010D	0x01F8      	CLRF       R5+3
0x010E	0x0870      	MOVF       R0, 0
0x010F	0x07F5      	ADDWF      R5, 1
0x0110	0x0871      	MOVF       R0+1, 0
0x0111	0x1803      	BTFSC      STATUS, 0
0x0112	0x0F71      	INCFSZ     R0+1, 0
0x0113	0x07F6      	ADDWF      R5+1, 1
0x0114	0x0872      	MOVF       R0+2, 0
0x0115	0x1803      	BTFSC      STATUS, 0
0x0116	0x0F72      	INCFSZ     R0+2, 0
0x0117	0x07F7      	ADDWF      R5+2, 1
0x0118	0x0873      	MOVF       R0+3, 0
0x0119	0x1803      	BTFSC      STATUS, 0
0x011A	0x0F73      	INCFSZ     R0+3, 0
0x011B	0x07F8      	ADDWF      R5+3, 1
0x011C	0x0877      	MOVF       R5+2, 0
0x011D	0x00F0      	MOVWF      R0
0x011E	0x0878      	MOVF       R5+3, 0
0x011F	0x00F1      	MOVWF      R0+1
0x0120	0x3000      	MOVLW      0
0x0121	0x1BF8      	BTFSC      R5+3, 7
0x0122	0x30FF      	MOVLW      255
0x0123	0x00F2      	MOVWF      R0+2
0x0124	0x00F3      	MOVWF      R0+3
0x0125	0x30FF      	MOVLW      255
0x0126	0x05F0      	ANDWF      R0, 1
0x0127	0x307F      	MOVLW      127
0x0128	0x05F1      	ANDWF      R0+1, 1
0x0129	0x3000      	MOVLW      0
0x012A	0x05F2      	ANDWF      R0+2, 1
0x012B	0x05F3      	ANDWF      R0+3, 1
0x012C	0x0870      	MOVF       R0, 0
0x012D	0x00A2      	MOVWF      __Lib_CStdlib_randx
0x012E	0x0871      	MOVF       R0+1, 0
0x012F	0x00A3      	MOVWF      __Lib_CStdlib_randx+1
0x0130	0x0872      	MOVF       R0+2, 0
0x0131	0x00A4      	MOVWF      __Lib_CStdlib_randx+2
0x0132	0x0873      	MOVF       R0+3, 0
0x0133	0x00A5      	MOVWF      __Lib_CStdlib_randx+3
;__Lib_CStdlib.c,311 :: 		
;__Lib_CStdlib.c,312 :: 		
L_end_rand:
0x0134	0x0008      	RETURN
; end of _rand
_main:
;Dice Project.c,4 :: 		void main (){
;Dice Project.c,8 :: 		TRISC = 0X00;
0x0135	0x1683      	BSF        STATUS, 5
0x0136	0x1303      	BCF        STATUS, 6
0x0137	0x0187      	CLRF       TRISC
;Dice Project.c,9 :: 		TRISD = 0b00000001;
0x0138	0x3001      	MOVLW      1
0x0139	0x0088      	MOVWF      TRISD
;Dice Project.c,10 :: 		PORTC = 0;
0x013A	0x1283      	BCF        STATUS, 5
0x013B	0x0187      	CLRF       PORTC
;Dice Project.c,11 :: 		PORTD = 0;
0x013C	0x0188      	CLRF       PORTD
;Dice Project.c,12 :: 		while(1){
L_main0:
;Dice Project.c,14 :: 		int i = rand() % 6;
0x013D	0x20ED      	CALL       _rand
0x013E	0x3006      	MOVLW      6
0x013F	0x00F4      	MOVWF      R4
0x0140	0x3000      	MOVLW      0
0x0141	0x00F5      	MOVWF      R4+1
0x0142	0x2084      	CALL       _Div_16x16_S
0x0143	0x0878      	MOVF       R8, 0
0x0144	0x00F0      	MOVWF      R0
0x0145	0x0879      	MOVF       R8+1, 0
0x0146	0x00F1      	MOVWF      R0+1
0x0147	0x0870      	MOVF       R0, 0
0x0148	0x00A7      	MOVWF      main_i_L1
0x0149	0x0871      	MOVF       R0+1, 0
0x014A	0x00A8      	MOVWF      main_i_L1+1
;Dice Project.c,16 :: 		if ( PORTD.RD0 == 1)
0x014B	0x1C08      	BTFSS      PORTD, 0
0x014C	0x2970      	GOTO       L_main2
;Dice Project.c,18 :: 		PORTC =  eds[i];
0x014D	0x0827      	MOVF       main_i_L1, 0
0x014E	0x00F0      	MOVWF      R0
0x014F	0x0828      	MOVF       main_i_L1+1, 0
0x0150	0x00F1      	MOVWF      R0+1
0x0151	0x0DF0      	RLF        R0, 1
0x0152	0x0DF1      	RLF        R0+1, 1
0x0153	0x1070      	BCF        R0, 0
0x0154	0x3072      	MOVLW      main_eds_L0
0x0155	0x07F0      	ADDWF      R0, 1
0x0156	0x3001      	MOVLW      hi_addr(main_eds_L0)
0x0157	0x1803      	BTFSC      STATUS, 0
0x0158	0x3E01      	ADDLW      1
0x0159	0x07F1      	ADDWF      R0+1, 1
0x015A	0x0870      	MOVF       R0, 0
0x015B	0x00A0      	MOVWF      ___DoICPAddr
0x015C	0x0871      	MOVF       R0+1, 0
0x015D	0x00A1      	MOVWF      ___DoICPAddr+1
0x015E	0x202F      	CALL       _____DoICP
0x015F	0x118A      	BCF        PCLATH, 3
0x0160	0x120A      	BCF        PCLATH, 4
0x0161	0x0087      	MOVWF      PORTC
;Dice Project.c,19 :: 		delay_ms (3000);
0x0162	0x301F      	MOVLW      31
0x0163	0x00FB      	MOVWF      R11
0x0164	0x3071      	MOVLW      113
0x0165	0x00FC      	MOVWF      R12
0x0166	0x301E      	MOVLW      30
0x0167	0x00FD      	MOVWF      R13
L_main3:
0x0168	0x0BFD      	DECFSZ     R13, 1
0x0169	0x2968      	GOTO       L_main3
0x016A	0x0BFC      	DECFSZ     R12, 1
0x016B	0x2968      	GOTO       L_main3
0x016C	0x0BFB      	DECFSZ     R11, 1
0x016D	0x2968      	GOTO       L_main3
0x016E	0x0000      	NOP
;Dice Project.c,20 :: 		PORTC = 0X00; }
0x016F	0x0187      	CLRF       PORTC
L_main2:
;Dice Project.c,22 :: 		}
0x0170	0x293D      	GOTO       L_main0
;Dice Project.c,23 :: 		}
L_end_main:
0x0171	0x2971      	GOTO       $+0
; end of _main
;Dice Project.c,5 :: main_eds_L0
0x0172	0x3408 ;main_eds_L0+0
0x0173	0x3400 ;main_eds_L0+1
0x0174	0x3422 ;main_eds_L0+2
0x0175	0x3400 ;main_eds_L0+3
0x0176	0x342A ;main_eds_L0+4
0x0177	0x3400 ;main_eds_L0+5
0x0178	0x3455 ;main_eds_L0+6
0x0179	0x3400 ;main_eds_L0+7
0x017A	0x345D ;main_eds_L0+8
0x017B	0x3400 ;main_eds_L0+9
0x017C	0x3477 ;main_eds_L0+10
0x017D	0x3400 ;main_eds_L0+11
; end of main_eds_L0
Symbol List:
//** Routines locations **
//ADDRESS    SIZE    PROCEDURE
//----------------------------------------------
0x0003      [44]    _Div_16x16_S_L
0x002F       [7]    _____DoICP
0x0036      [55]    _Mul_32x32_U
0x006D      [11]    _srand
0x0078      [12]    ___CC2DW
0x0084     [105]    _Div_16x16_S
0x00ED      [72]    _rand
0x0135      [61]    _main
//** Variables locations ** 
//ADDRESS    SIZE    VARIABLE
//----------------------------------------------
0x0000       [1]    INDF
0x0002       [1]    PCL
0x0003       [1]    STATUS
0x0004       [1]    FSR
0x0007       [1]    PORTC
0x0008       [1]    PORTD
0x000A       [1]    PCLATH
0x0020       [2]    ___DoICPAddr
0x0022       [4]    __Lib_CStdlib_randx
0x0026       [1]    __Lib_CStdlib_randf
0x0027       [2]    main_i_L1
0x0029       [2]    FARG_srand_x
0x0070       [1]    R0
0x0071       [1]    R1
0x0072       [1]    R2
0x0073       [1]    R3
0x0074       [1]    R4
0x0075       [1]    R5
0x0076       [1]    R6
0x0077       [1]    R7
0x0078       [1]    R8
0x0079       [1]    R9
0x007A       [1]    R10
0x007B       [1]    R11
0x007C       [1]    R12
0x007D       [1]    R13
0x007E       [1]    R14
0x007F       [1]    R15
0x0087       [1]    TRISC
0x0088       [1]    TRISD
//** Constants locations ** 
//ADDRESS    SIZE    CONSTANT
//----------------------------------------------
0x0172      [12]    main_eds_L0
//** Label List: ** 
//----------------------------------------------
  L_main0
  L_main1
  L_main2
  L_main3
  L_end_main
  _main
  L_abs0
  L___Lib_CStdlib_strtod1
  L___Lib_CStdlib_strtod2
  L___Lib_CStdlib_strtod3
  L___Lib_CStdlib_strtod4
  L___Lib_CStdlib_strtod5
  L___Lib_CStdlib_strtod6
  L___Lib_CStdlib_strtod7
  L___Lib_CStdlib_strtod8
  L___Lib_CStdlib_strtod9
  L___Lib_CStdlib_strtod10
  L___Lib_CStdlib_strtod11
  L___Lib_CStdlib_strtod12
  L___Lib_CStdlib_strtod13
  L___Lib_CStdlib_strtod14
  L___Lib_CStdlib_strtod15
  L___Lib_CStdlib_strtod16
  L___Lib_CStdlib_strtod17
  L___Lib_CStdlib_strtod18
  L___Lib_CStdlib_strtod19
  L___Lib_CStdlib_strtod20
  L___Lib_CStdlib_strtod21
  L___Lib_CStdlib_strtod22
  L___Lib_CStdlib_strtod23
  L___Lib_CStdlib_strtod24
  L___Lib_CStdlib_strtod25
  L___Lib_CStdlib_strtod26
  L___Lib_CStdlib_strtod27
  L___Lib_CStdlib_strtod28
  L___Lib_CStdlib_strtod29
  L___Lib_CStdlib_strtod30
  L___Lib_CStdlib_strtod31
  L___Lib_CStdlib_strtod32
  L___Lib_CStdlib_strtod33
  L___Lib_CStdlib_strtod34
  L___Lib_CStdlib_strtod35
  L___Lib_CStdlib_strtod36
  L___Lib_CStdlib_strtod37
  L___Lib_CStdlib_strtod38
  L___Lib_CStdlib_strtod39
  L___Lib_CStdlib_strtod40
  L___Lib_CStdlib_strtod41
  L___Lib_CStdlib_strtod42
  L___Lib_CStdlib_strtod43
  L___Lib_CStdlib_strtod44
  L___Lib_CStdlib_strtod45
  L___Lib_CStdlib_strtod46
  L___Lib_CStdlib_strtod47
  L___Lib_CStdlib_strtod48
  L___Lib_CStdlib_strtod49
  L___Lib_CStdlib_strtod50
  L___Lib_CStdlib_strtod51
  L___Lib_CStdlib_strtod52
  ___atoi_skipws_atoi
  L_atoi53
  L_atoi54
  L_atoi55
  L_atoi56
  L_atoi57
  L_atoi58
  ___atoi_conv_atoi
  L_atoi59
  L_atoi60
  ___atol_skipws_atol
  L_atol61
  L_atol62
  L_atol63
  L_atol64
  L_atol65
  L_atol66
  ___atol_conv_atol
  L_atol67
  L_atol68
  L_div69
  L_ldiv70
  L_uldiv71
  L_labs72
  L_max73
  L_min74
  L_rand75
  L_xtoi76
  L_xtoi77
  L_xtoi78
  L_xtoi79
  L_xtoi80
  L_xtoi81
  L_xtoi82
  L_xtoi83
  L_xtoi84
  L_xtoi85
  L_xtoi86
  L___Lib_CStdlib_strtod87
  L___Lib_CStdlib_strtod88
  L___Lib_CStdlib_strtod89
  L__atoi90
  L__atol91
  L_end_abs
  _abs
  L__abs93
  L_end_strtod
  __Lib_CStdlib_strtod
  L___Lib_CStdlib_strtod95
  L___Lib_CStdlib_strtod96
  L_end_atof
  _atof
  L_end_atoi
  _atoi
  L__atoi99
  L__atoi100
  L__atoi101
  L__atoi102
  L_end_atol
  _atol
  L__atol104
  L__atol105
  L_end_div
  _div
  L_end_ldiv
  _ldiv
  L_end_uldiv
  _uldiv
  L_end_labs
  _labs
  L__labs110
  L_end_max
  _max
  L__max112
  L_end_min
  _min
  L__min114
  L_end_srand
  _srand
  L_end_rand
  _rand
  L_end_xtoi
  _xtoi
  L_Div_16x16_S0
  L_Div_16x16_S1
  LOOPS3232A
  SADD22LA
  SOK22LA
  SADD22L8
  SOK22L8
  LOOPS3232B
  SADD22LB
  SOK22LB
  SADD22L16
  SOK22L16
  LOOPS3232C
  SADD22LC
  SOK22LC
  SADD22L24
  SOK22L24
  LOOPS3232D
  SADD22LD
  SOK22LD
  SOK22L
  L_Div_32x32_S6
  L_Div_32x32_S7
  L_Div_32x32_S8
  L_Div_32x32_S9
  FXD3232S
  END_ALL
  CA3232S
  C3232SX
  C3232SX1
  C3232S
  C3232S2
  C3232SX4
  C3232SOK
  C3232SX3
  C3232SX2
  avoid_comfrem
  LOOPU3232A
  UADD22LA
  UOK22LA
  UADD22L8
  UOK22L8
  LOOPU3232B
  UADD22LB
  UOK22LB
  UADD22L16
  UOK22L16
  LOOPU3232C
  UADD22LC
  UOK22LC
  UADD22L24
  UOK22L24
  LOOPU3232D
  UADD22LD
  UOK22LD
  UOK22L
  _NEXT
  _EXIT2
  _LOOP
  _EXIT1
  _IF_FIRST
  _IF_SECOND
  _INVERCE_FIRST
  _MULT
  _INBERSE_SECOND
  _EXIT
  L_end_Mul_8X8_U
  _Mul_8X8_U
  L_end_Mul_16X16_U
  _Mul_16X16_U
  L_end_Div_8X8_U
  _Div_8X8_U
  L_end_Div_16X16_U
  _Div_16X16_U
  L_end_Mul_8X8_S
  _Mul_8X8_S
  L_end_Mul_16X16_S
  _Mul_16X16_S
  L_end_Div_16x16_S_L
  _Div_16x16_S_L
  L_end_Div_16x16_S
  _Div_16x16_S
  L_end_Div_8X8_S
  _Div_8X8_S
  L_end_SDIV3232L
  _SDIV3232L
  L_end_COMFREM
  _COMFREM
  L_end_Div_32x32_S
  _Div_32x32_S
  L_end_Div_32x32_U
  _Div_32x32_U
  L_end_Mul_32x32_U
  _Mul_32x32_U
  L_end_Mul_32x32_S
  _Mul_32x32_S
  L_loopCA2AWs
  L_CA2AWend
  _CCA2AW_Loop1
  L_loopCS2Ss
  L_CS2Send
  _CCS2S_Loop1
  L_CCS2Send
  L_loopFZinSWs
  L_FZinSend
  _CC2D_Loop1
  L_end_____DoICP
  _____DoICP
  L_end_____DoIFC
  _____DoIFC
  L_end___CA2AW
  ___CA2AW
  L_end___CCA2AW
  ___CCA2AW
  L_end___CS2S
  ___CS2S
  L_end___CCS2S
  ___CCS2S
  L_end___FZinS
  ___FZinS
  L_end___CC2DW
  ___CC2DW
  L_end_Swap
  _Swap
